{
  "stats": {
    "suites": 1,
    "tests": 1,
    "passes": 0,
    "pending": 0,
    "failures": 1,
    "start": "2023-02-09T07:29:48.398Z",
    "end": "2023-02-09T07:30:07.819Z",
    "duration": 19421,
    "testsRegistered": 1,
    "passPercent": 0,
    "pendingPercent": 0,
    "other": 0,
    "hasOther": false,
    "skipped": 0,
    "hasSkipped": false
  },
  "results": [
    {
      "uuid": "52ee285e-1f6c-41e1-9cee-352afa18b589",
      "title": "",
      "fullFile": "cypress\\e2e\\Elements\\VerifyTextBox.js",
      "file": "cypress\\e2e\\Elements\\VerifyTextBox.js",
      "beforeHooks": [],
      "afterHooks": [],
      "tests": [],
      "suites": [
        {
          "uuid": "84d4357e-e134-423b-9d6b-d3d0db1ed50b",
          "title": "End To End",
          "fullFile": "",
          "file": "",
          "beforeHooks": [],
          "afterHooks": [],
          "tests": [
            {
              "title": "Text box page validation",
              "fullTitle": "End To End Text box page validation",
              "timedOut": null,
              "duration": 16472,
              "state": "failed",
              "speed": null,
              "pass": false,
              "fail": true,
              "pending": false,
              "context": null,
              "code": "textBox.vaidateTextBox(this.textBoxData.name, this.textBoxData.email, this.textBoxData.currentAddress, this.textBoxData.permanentAddress);",
              "err": {
                "message": "CypressError: Timed out retrying after 4050ms: `cy.click()` failed because the center of this element is hidden from view:\n\n`<button id=\"submit\" type=\"button\" class=\"btn btn-primary\">Submit</button>`\n\nFix this problem, or use `{force: true}` to disable error checking.\n\nhttps://on.cypress.io/element-cannot-be-interacted-with",
                "estack": "CypressError: Timed out retrying after 4050ms: `cy.click()` failed because the center of this element is hidden from view:\n\n`<button id=\"submit\" type=\"button\" class=\"btn btn-primary\">Submit</button>`\n\nFix this problem, or use `{force: true}` to disable error checking.\n\nhttps://on.cypress.io/element-cannot-be-interacted-with\n    at ensureIsDescendent (https://demoqa.com/__cypress/runner/cypress_runner.js:130233:74)\n    at ensureDescendents (https://demoqa.com/__cypress/runner/cypress_runner.js:130269:5)\n    at possiblyScrollMultipleTimes (https://demoqa.com/__cypress/runner/cypress_runner.js:130376:22)\n    at scrollContainers (https://demoqa.com/__cypress/runner/cypress_runner.js:130398:16)\n    at ensureDescendentsAndScroll (https://demoqa.com/__cypress/runner/cypress_runner.js:130402:14)\n    at ensureElIsNotCovered (https://demoqa.com/__cypress/runner/cypress_runner.js:130406:5)\n    at runAllChecks (https://demoqa.com/__cypress/runner/cypress_runner.js:130586:52)\n    at retryActionability (https://demoqa.com/__cypress/runner/cypress_runner.js:130623:16)\n    at tryCatcher (https://demoqa.com/__cypress/runner/cypress_runner.js:8914:23)\n    at Function.Promise.attempt.Promise.try (https://demoqa.com/__cypress/runner/cypress_runner.js:6188:29)\n    at whenStable (https://demoqa.com/__cypress/runner/cypress_runner.js:146724:65)\n    at <unknown> (https://demoqa.com/__cypress/runner/cypress_runner.js:146165:14)\n    at tryCatcher (https://demoqa.com/__cypress/runner/cypress_runner.js:8914:23)\n    at Promise._settlePromiseFromHandler (https://demoqa.com/__cypress/runner/cypress_runner.js:6849:31)\n    at Promise._settlePromise (https://demoqa.com/__cypress/runner/cypress_runner.js:6906:18)\n    at Promise._settlePromise0 (https://demoqa.com/__cypress/runner/cypress_runner.js:6951:10)\n    at Promise._settlePromises (https://demoqa.com/__cypress/runner/cypress_runner.js:7031:18)\n    at Promise._fulfill (https://demoqa.com/__cypress/runner/cypress_runner.js:6975:18)\n    at <unknown> (https://demoqa.com/__cypress/runner/cypress_runner.js:8589:46)\nFrom Your Spec Code:\n    at TextBoxPage.vaidateTextBox (webpack:///./cypress/PageObject/TextBoxPage.js:25:34)\n    at Context.eval (webpack:///./cypress/e2e/Elements/VerifyTextBox.js:19:16)",
                "diff": null
              },
              "uuid": "c7765cfb-7f92-4b11-828a-a26131c40bb8",
              "parentUUID": "84d4357e-e134-423b-9d6b-d3d0db1ed50b",
              "isHook": false,
              "skipped": false
            }
          ],
          "suites": [],
          "passes": [],
          "failures": [
            "c7765cfb-7f92-4b11-828a-a26131c40bb8"
          ],
          "pending": [],
          "skipped": [],
          "duration": 16472,
          "root": false,
          "rootEmpty": false,
          "_timeout": 2000
        }
      ],
      "passes": [],
      "failures": [],
      "pending": [],
      "skipped": [],
      "duration": 0,
      "root": true,
      "rootEmpty": true,
      "_timeout": 2000
    }
  ],
  "meta": {
    "mocha": {
      "version": "7.0.1"
    },
    "mochawesome": {
      "options": {
        "quiet": false,
        "reportFilename": "mochawesome",
        "saveHtml": false,
        "saveJson": true,
        "consoleReporter": "spec",
        "useInlineDiffs": false,
        "code": true
      },
      "version": "7.1.3"
    },
    "marge": {
      "options": {
        "chats": true,
        "overwrite": false,
        "html": false,
        "json": true,
        "reportDir": "cypress/reports"
      },
      "version": "6.2.0"
    }
  }
}