{
  "stats": {
    "suites": 1,
    "tests": 1,
    "passes": 1,
    "pending": 0,
    "failures": 0,
    "start": "2023-02-13T09:19:54.626Z",
    "end": "2023-02-13T09:20:04.997Z",
    "duration": 10371,
    "testsRegistered": 1,
    "passPercent": 100,
    "pendingPercent": 0,
    "other": 0,
    "hasOther": false,
    "skipped": 0,
    "hasSkipped": false
  },
  "results": [
    {
      "uuid": "108750c6-307c-425f-94aa-46a4cd89a868",
      "title": "",
      "fullFile": "cypress\\e2e\\Elements\\VerifyCheckBox.js",
      "file": "cypress\\e2e\\Elements\\VerifyCheckBox.js",
      "beforeHooks": [],
      "afterHooks": [],
      "tests": [],
      "suites": [
        {
          "uuid": "af7488dd-74c4-49f9-bf42-e37c94ed7f1b",
          "title": "Check Box Page",
          "fullFile": "",
          "file": "",
          "beforeHooks": [],
          "afterHooks": [],
          "tests": [
            {
              "title": "Check box page validation",
              "fullTitle": "Check Box Page Check box page validation",
              "timedOut": null,
              "duration": 7388,
              "state": "passed",
              "speed": "medium",
              "pass": true,
              "fail": false,
              "pending": false,
              "context": null,
              "code": "checkBox.validateCheckBox(this.checkBoxData.LengthOfHomeLength);\ncheckBox.selectElement(this.checkBoxData.DropDownData);",
              "err": {},
              "uuid": "54cbea8e-4d6c-420e-b6ae-d32dce607109",
              "parentUUID": "af7488dd-74c4-49f9-bf42-e37c94ed7f1b",
              "isHook": false,
              "skipped": false
            }
          ],
          "suites": [],
          "passes": [
            "54cbea8e-4d6c-420e-b6ae-d32dce607109"
          ],
          "failures": [],
          "pending": [],
          "skipped": [],
          "duration": 7388,
          "root": false,
          "rootEmpty": false,
          "_timeout": 2000
        }
      ],
      "passes": [],
      "failures": [],
      "pending": [],
      "skipped": [],
      "duration": 0,
      "root": true,
      "rootEmpty": true,
      "_timeout": 2000
    }
  ],
  "meta": {
    "mocha": {
      "version": "7.0.1"
    },
    "mochawesome": {
      "options": {
        "quiet": false,
        "reportFilename": "mochawesome",
        "saveHtml": false,
        "saveJson": true,
        "consoleReporter": "spec",
        "useInlineDiffs": false,
        "code": true
      },
      "version": "7.1.3"
    },
    "marge": {
      "options": {
        "chats": true,
        "overwrite": false,
        "html": false,
        "json": true,
        "reportDir": "cypress/reports"
      },
      "version": "6.2.0"
    }
  }
}