{
  "stats": {
    "suites": 1,
    "tests": 1,
    "passes": 1,
    "pending": 0,
    "failures": 0,
    "start": "2023-02-09T07:28:49.671Z",
    "end": "2023-02-09T07:29:06.519Z",
    "duration": 16848,
    "testsRegistered": 1,
    "passPercent": 100,
    "pendingPercent": 0,
    "other": 0,
    "hasOther": false,
    "skipped": 0,
    "hasSkipped": false
  },
  "results": [
    {
      "uuid": "5b61f29b-86ab-4eee-9b42-b5f351f8f241",
      "title": "",
      "fullFile": "cypress\\e2e\\Elements\\VerifyCheckBox.js",
      "file": "cypress\\e2e\\Elements\\VerifyCheckBox.js",
      "beforeHooks": [],
      "afterHooks": [],
      "tests": [],
      "suites": [
        {
          "uuid": "9f0de026-ba7d-48c0-b521-5ab37631a414",
          "title": "End To End",
          "fullFile": "",
          "file": "",
          "beforeHooks": [],
          "afterHooks": [],
          "tests": [
            {
              "title": "Check box page validation",
              "fullTitle": "End To End Check box page validation",
              "timedOut": null,
              "duration": 10331,
              "state": "passed",
              "speed": "slow",
              "pass": true,
              "fail": false,
              "pending": false,
              "context": null,
              "code": "checkBox.validateCheckBox(this.checkBoxData.LengthOfHomeLength);\ncheckBox.selectElement(this.checkBoxData.DropDownData);",
              "err": {},
              "uuid": "121c51d0-8a66-4bf7-9ca7-d822bae8d3d9",
              "parentUUID": "9f0de026-ba7d-48c0-b521-5ab37631a414",
              "isHook": false,
              "skipped": false
            }
          ],
          "suites": [],
          "passes": [
            "121c51d0-8a66-4bf7-9ca7-d822bae8d3d9"
          ],
          "failures": [],
          "pending": [],
          "skipped": [],
          "duration": 10331,
          "root": false,
          "rootEmpty": false,
          "_timeout": 2000
        }
      ],
      "passes": [],
      "failures": [],
      "pending": [],
      "skipped": [],
      "duration": 0,
      "root": true,
      "rootEmpty": true,
      "_timeout": 2000
    }
  ],
  "meta": {
    "mocha": {
      "version": "7.0.1"
    },
    "mochawesome": {
      "options": {
        "quiet": false,
        "reportFilename": "mochawesome",
        "saveHtml": false,
        "saveJson": true,
        "consoleReporter": "spec",
        "useInlineDiffs": false,
        "code": true
      },
      "version": "7.1.3"
    },
    "marge": {
      "options": {
        "chats": true,
        "overwrite": false,
        "html": false,
        "json": true,
        "reportDir": "cypress/reports"
      },
      "version": "6.2.0"
    }
  }
}