{
  "stats": {
    "suites": 1,
    "tests": 1,
    "passes": 1,
    "pending": 0,
    "failures": 0,
    "start": "2023-02-09T07:34:15.960Z",
    "end": "2023-02-09T07:34:25.921Z",
    "duration": 9961,
    "testsRegistered": 1,
    "passPercent": 100,
    "pendingPercent": 0,
    "other": 0,
    "hasOther": false,
    "skipped": 0,
    "hasSkipped": false
  },
  "results": [
    {
      "uuid": "5c80d401-afb1-4c09-b582-faddf8b651ad",
      "title": "",
      "fullFile": "cypress\\e2e\\Elements\\VerifyCheckBox.js",
      "file": "cypress\\e2e\\Elements\\VerifyCheckBox.js",
      "beforeHooks": [],
      "afterHooks": [],
      "tests": [],
      "suites": [
        {
          "uuid": "4498afa0-a316-4a16-a75d-f736dc6962ec",
          "title": "Check Box Page",
          "fullFile": "",
          "file": "",
          "beforeHooks": [],
          "afterHooks": [],
          "tests": [
            {
              "title": "Check box page validation",
              "fullTitle": "Check Box Page Check box page validation",
              "timedOut": null,
              "duration": 7105,
              "state": "passed",
              "speed": "medium",
              "pass": true,
              "fail": false,
              "pending": false,
              "context": null,
              "code": "checkBox.validateCheckBox(this.checkBoxData.LengthOfHomeLength);\ncheckBox.selectElement(this.checkBoxData.DropDownData);",
              "err": {},
              "uuid": "eb51986d-5e11-446c-a779-49638d3e5be1",
              "parentUUID": "4498afa0-a316-4a16-a75d-f736dc6962ec",
              "isHook": false,
              "skipped": false
            }
          ],
          "suites": [],
          "passes": [
            "eb51986d-5e11-446c-a779-49638d3e5be1"
          ],
          "failures": [],
          "pending": [],
          "skipped": [],
          "duration": 7105,
          "root": false,
          "rootEmpty": false,
          "_timeout": 2000
        }
      ],
      "passes": [],
      "failures": [],
      "pending": [],
      "skipped": [],
      "duration": 0,
      "root": true,
      "rootEmpty": true,
      "_timeout": 2000
    }
  ],
  "meta": {
    "mocha": {
      "version": "7.0.1"
    },
    "mochawesome": {
      "options": {
        "quiet": false,
        "reportFilename": "mochawesome",
        "saveHtml": false,
        "saveJson": true,
        "consoleReporter": "spec",
        "useInlineDiffs": false,
        "code": true
      },
      "version": "7.1.3"
    },
    "marge": {
      "options": {
        "chats": true,
        "overwrite": false,
        "html": false,
        "json": true,
        "reportDir": "cypress/reports"
      },
      "version": "6.2.0"
    }
  }
}