{
  "stats": {
    "suites": 1,
    "tests": 1,
    "passes": 1,
    "pending": 0,
    "failures": 0,
    "start": "2023-02-09T07:40:04.610Z",
    "end": "2023-02-09T07:40:13.139Z",
    "duration": 8529,
    "testsRegistered": 1,
    "passPercent": 100,
    "pendingPercent": 0,
    "other": 0,
    "hasOther": false,
    "skipped": 0,
    "hasSkipped": false
  },
  "results": [
    {
      "uuid": "266a54cd-768a-4afe-b97f-a20400803d84",
      "title": "",
      "fullFile": "cypress\\e2e\\Elements\\VerifyCheckBox.js",
      "file": "cypress\\e2e\\Elements\\VerifyCheckBox.js",
      "beforeHooks": [],
      "afterHooks": [],
      "tests": [],
      "suites": [
        {
          "uuid": "0b9f746a-263a-446d-a6b5-b1e98fca4511",
          "title": "Check Box Page",
          "fullFile": "",
          "file": "",
          "beforeHooks": [],
          "afterHooks": [],
          "tests": [
            {
              "title": "Check box page validation",
              "fullTitle": "Check Box Page Check box page validation",
              "timedOut": null,
              "duration": 5456,
              "state": "passed",
              "speed": "medium",
              "pass": true,
              "fail": false,
              "pending": false,
              "context": null,
              "code": "checkBox.validateCheckBox(this.checkBoxData.LengthOfHomeLength);\ncheckBox.selectElement(this.checkBoxData.DropDownData);",
              "err": {},
              "uuid": "3aa4f71b-ff20-4f37-9681-18a932b8f4cf",
              "parentUUID": "0b9f746a-263a-446d-a6b5-b1e98fca4511",
              "isHook": false,
              "skipped": false
            }
          ],
          "suites": [],
          "passes": [
            "3aa4f71b-ff20-4f37-9681-18a932b8f4cf"
          ],
          "failures": [],
          "pending": [],
          "skipped": [],
          "duration": 5456,
          "root": false,
          "rootEmpty": false,
          "_timeout": 2000
        }
      ],
      "passes": [],
      "failures": [],
      "pending": [],
      "skipped": [],
      "duration": 0,
      "root": true,
      "rootEmpty": true,
      "_timeout": 2000
    }
  ],
  "meta": {
    "mocha": {
      "version": "7.0.1"
    },
    "mochawesome": {
      "options": {
        "quiet": false,
        "reportFilename": "mochawesome",
        "saveHtml": false,
        "saveJson": true,
        "consoleReporter": "spec",
        "useInlineDiffs": false,
        "code": true
      },
      "version": "7.1.3"
    },
    "marge": {
      "options": {
        "chats": true,
        "overwrite": false,
        "html": false,
        "json": true,
        "reportDir": "cypress/reports"
      },
      "version": "6.2.0"
    }
  }
}