{
  "stats": {
    "suites": 1,
    "tests": 1,
    "passes": 1,
    "pending": 0,
    "failures": 0,
    "start": "2023-02-09T07:40:31.315Z",
    "end": "2023-02-09T07:40:41.191Z",
    "duration": 9876,
    "testsRegistered": 1,
    "passPercent": 100,
    "pendingPercent": 0,
    "other": 0,
    "hasOther": false,
    "skipped": 0,
    "hasSkipped": false
  },
  "results": [
    {
      "uuid": "b9d39169-d906-4db4-a6d0-482bbdc89703",
      "title": "",
      "fullFile": "cypress\\e2e\\Elements\\VerifyTextBox.js",
      "file": "cypress\\e2e\\Elements\\VerifyTextBox.js",
      "beforeHooks": [],
      "afterHooks": [],
      "tests": [],
      "suites": [
        {
          "uuid": "1621d152-21bd-428b-9f7d-7887f4ad7688",
          "title": "Text Box Page",
          "fullFile": "",
          "file": "",
          "beforeHooks": [],
          "afterHooks": [],
          "tests": [
            {
              "title": "Text box page validation",
              "fullTitle": "Text Box Page Text box page validation",
              "timedOut": null,
              "duration": 7452,
              "state": "passed",
              "speed": "medium",
              "pass": true,
              "fail": false,
              "pending": false,
              "context": null,
              "code": "textBox.vaidateTextBox(this.textBoxData.name, this.textBoxData.email, this.textBoxData.currentAddress, this.textBoxData.permanentAddress);",
              "err": {},
              "uuid": "bcb8d4c3-5f3c-4aa8-82b0-22adf29c8e78",
              "parentUUID": "1621d152-21bd-428b-9f7d-7887f4ad7688",
              "isHook": false,
              "skipped": false
            }
          ],
          "suites": [],
          "passes": [
            "bcb8d4c3-5f3c-4aa8-82b0-22adf29c8e78"
          ],
          "failures": [],
          "pending": [],
          "skipped": [],
          "duration": 7452,
          "root": false,
          "rootEmpty": false,
          "_timeout": 2000
        }
      ],
      "passes": [],
      "failures": [],
      "pending": [],
      "skipped": [],
      "duration": 0,
      "root": true,
      "rootEmpty": true,
      "_timeout": 2000
    }
  ],
  "meta": {
    "mocha": {
      "version": "7.0.1"
    },
    "mochawesome": {
      "options": {
        "quiet": false,
        "reportFilename": "mochawesome",
        "saveHtml": false,
        "saveJson": true,
        "consoleReporter": "spec",
        "useInlineDiffs": false,
        "code": true
      },
      "version": "7.1.3"
    },
    "marge": {
      "options": {
        "chats": true,
        "overwrite": false,
        "html": false,
        "json": true,
        "reportDir": "cypress/reports"
      },
      "version": "6.2.0"
    }
  }
}