{
  "stats": {
    "suites": 1,
    "tests": 1,
    "passes": 0,
    "pending": 0,
    "failures": 1,
    "start": "2023-02-13T09:20:11.750Z",
    "end": "2023-02-13T09:20:21.542Z",
    "duration": 9792,
    "testsRegistered": 2,
    "passPercent": 0,
    "pendingPercent": 0,
    "other": 0,
    "hasOther": false,
    "skipped": 1,
    "hasSkipped": true
  },
  "results": [
    {
      "uuid": "c60d68ea-19d9-4615-b64d-2b84d0fec51f",
      "title": "",
      "fullFile": "cypress\\e2e\\Elements\\VerifyLinks.js",
      "file": "cypress\\e2e\\Elements\\VerifyLinks.js",
      "beforeHooks": [],
      "afterHooks": [],
      "tests": [],
      "suites": [
        {
          "uuid": "7fb834e1-2e78-44be-9785-2b563457fa84",
          "title": "Link Page",
          "fullFile": "",
          "file": "",
          "beforeHooks": [],
          "afterHooks": [],
          "tests": [
            {
              "title": "Validate URL",
              "fullTitle": "Link Page Validate URL",
              "timedOut": null,
              "duration": 7115,
              "state": "failed",
              "speed": null,
              "pass": false,
              "fail": true,
              "pending": false,
              "context": null,
              "code": "link.openLinkPage();\ncy.url().should('include', this.linksPageData.ExpectedURL);",
              "err": {
                "message": "Error: The following error originated from your application code, not from Cypress.\n\n  > Script error.\n\nCypress detected that an uncaught error was thrown from a cross origin script.\n\nWe cannot provide you the stack trace, line number, or file where this error occurred.\n\nCheck your Developer Tools Console for the actual error - it should be printed there.\n\nIt's possible to enable debugging these scripts by adding the `crossorigin` attribute and setting a CORS header.\n\nWhen Cypress detects uncaught errors originating from your application it will automatically fail the current test.\n\nThis behavior is configurable, and you can choose to turn this off by listening to the `uncaught:exception` event.\n\nhttps://on.cypress.io/uncaught-exception-from-application\n\nhttps://on.cypress.io/cross-origin-script-error\n\nBecause this error occurred during a `before each` hook we are skipping the remaining tests in the current suite: `Link Page`",
                "estack": "Error: The following error originated from your application code, not from Cypress.\n\n  > Script error.\n\nCypress detected that an uncaught error was thrown from a cross origin script.\n\nWe cannot provide you the stack trace, line number, or file where this error occurred.\n\nCheck your Developer Tools Console for the actual error - it should be printed there.\n\nIt's possible to enable debugging these scripts by adding the `crossorigin` attribute and setting a CORS header.\n\nWhen Cypress detects uncaught errors originating from your application it will automatically fail the current test.\n\nThis behavior is configurable, and you can choose to turn this off by listening to the `uncaught:exception` event.\n\nhttps://on.cypress.io/uncaught-exception-from-application\n\nhttps://on.cypress.io/cross-origin-script-error\n\nBecause this error occurred during a `before each` hook we are skipping the remaining tests in the current suite: `Link Page`",
                "diff": null
              },
              "uuid": "78350e84-cdbd-4ff3-8f9c-51b3a3a69cad",
              "parentUUID": "7fb834e1-2e78-44be-9785-2b563457fa84",
              "isHook": false,
              "skipped": false
            },
            {
              "title": "Click on Home to open new tab",
              "fullTitle": "Link Page Click on Home to open new tab",
              "timedOut": null,
              "duration": 0,
              "state": "skipped",
              "speed": null,
              "pass": false,
              "fail": false,
              "pending": false,
              "context": null,
              "code": "link.Home(this.linksPageData.ChildTabURL);",
              "err": {},
              "uuid": "fd017ad1-5160-45c5-a3c9-8bf0ccee5b1e",
              "parentUUID": "7fb834e1-2e78-44be-9785-2b563457fa84",
              "isHook": false,
              "skipped": true
            }
          ],
          "suites": [],
          "passes": [],
          "failures": [
            "78350e84-cdbd-4ff3-8f9c-51b3a3a69cad"
          ],
          "pending": [],
          "skipped": [
            "fd017ad1-5160-45c5-a3c9-8bf0ccee5b1e"
          ],
          "duration": 7115,
          "root": false,
          "rootEmpty": false,
          "_timeout": 2000
        }
      ],
      "passes": [],
      "failures": [],
      "pending": [],
      "skipped": [],
      "duration": 0,
      "root": true,
      "rootEmpty": true,
      "_timeout": 2000
    }
  ],
  "meta": {
    "mocha": {
      "version": "7.0.1"
    },
    "mochawesome": {
      "options": {
        "quiet": false,
        "reportFilename": "mochawesome",
        "saveHtml": false,
        "saveJson": true,
        "consoleReporter": "spec",
        "useInlineDiffs": false,
        "code": true
      },
      "version": "7.1.3"
    },
    "marge": {
      "options": {
        "chats": true,
        "overwrite": false,
        "html": false,
        "json": true,
        "reportDir": "cypress/reports"
      },
      "version": "6.2.0"
    }
  }
}